commit ba8c37acd0bbf89cc9161898d42ac29c7834b11b
Author: zhangzhenkang <289259688@qq.com>
Date:   Thu Nov 23 20:52:04 2017 +0800

    forgive how young am i

commit c4e13d66b90a706b21005ac6357be6f2a6dd7126
Merge: e6f05a0 c758c6a
Author: zhangzhenkang <289259688@qq.com>
Date:   Thu Jul 28 23:43:04 2016 +0800

    Merge branch 'new'

commit c758c6a6963c715156395a3fa52dc80c0c7903aa
Author: zhangzhenkang <289259688@qq.com>
Date:   Thu Jul 28 23:42:22 2016 +0800

    a new folder to the project

commit 0083d4a1afa5ef55da3398f6b2ca0a5bcab1bb48
Author: zhangzhenkang <289259688@qq.com>
Date:   Thu Jul 28 23:38:01 2016 +0800

    something new about my heart

commit e6f05a054a9f60f5311141168001341249b4b3f0
Author: zhangzhenkang <289259688@qq.com>
Date:   Thu Jul 28 23:34:14 2016 +0800

    hello

commit 672eb6f1db741c981ee1611eac8f4aa670d727d9
Author: zhangzhenkang <289259688@qq.com>
Date:   Wed Mar 9 11:22:11 2016 +0800

    something new

commit ca99d22125e51b1d58d1dfd347822e4f1658ef19
Author: zhangzhenkang <289259688@qq.com>
Date:   Sat Mar 5 11:32:19 2016 +0800

    There are some changes in new.c

commit 02c567ce58f9ac04703c068e3e3c710b69a4cbb2
Author: zhangzhenkang <289259688@qq.com>
Date:   Sat Mar 5 11:27:11 2016 +0800

    A new C file add

commit 1443713c2d81b49b42a4b8b4792a39855c61b931
Author: zhangzhenkang <289259688@qq.com>
Date:   Sat Mar 5 11:18:53 2016 +0800

    This is a new txt.Which will print 'Hello World'cler

commit 6e7776704e24aa611279b59613d0c5183b59ad8a
Merge: 438e444 fab6c3b
Author: zhangzhenkang <289259688@qq.com>
Date:   Sat Mar 5 10:46:58 2016 +0800

    Merge pull request #1 from zhangzhenkang/readme-edits
    
    Update README

commit fab6c3ba980ee37923068c648f0f4759c880d3c5
Author: zhangzhenkang <289259688@qq.com>
Date:   Sat Mar 5 10:37:35 2016 +0800

    Update README
    
    Some introduce to me.

commit 438e4444747318504a2bf715ad3cce14136db320
Author: zhangzhenkang <289259688@qq.com>
Date:   Sat Mar 5 10:08:18 2016 +0800

    Initial commit
